{
  "stats": {
    "suites": 1,
    "tests": 1,
    "passes": 1,
    "pending": 0,
    "failures": 0,
    "start": "2024-08-27T15:12:46.273Z",
    "end": "2024-08-27T15:14:01.554Z",
    "duration": 75281,
    "testsRegistered": 1,
    "passPercent": 100,
    "pendingPercent": 0,
    "other": 0,
    "hasOther": false,
    "skipped": 0,
    "hasSkipped": false
  },
  "results": [
    {
      "uuid": "abacd67c-c1b6-472b-8a1b-de043e865d8c",
      "title": "",
      "fullFile": "cypress/e2e/Clicks.cy.js",
      "file": "cypress/e2e/Clicks.cy.js",
      "beforeHooks": [],
      "afterHooks": [],
      "tests": [],
      "suites": [
        {
          "uuid": "556c3cd0-3379-4418-880a-f375cb3eddb9",
          "title": "Clicks",
          "fullFile": "",
          "file": "",
          "beforeHooks": [],
          "afterHooks": [],
          "tests": [
            {
              "title": "Guru 99 Demo",
              "fullTitle": "Clicks Guru 99 Demo",
              "timedOut": null,
              "duration": 71211,
              "state": "passed",
              "speed": "slow",
              "pass": true,
              "fail": false,
              "pending": false,
              "context": null,
              "code": "cy.visit(\"https://demo.guru99.com/test/simple_context_menu.html\");\ncy.contains('right click me').rightclick();\ncy.wait(4000);\ncy.contains('Double-Click Me To See Alert').dblclick({\n  force: true\n}).then(function () {\n  cy.on('window:alert', text => {\n    expect(text).to.contains(\"You double clicked me.. Thank You..\");\n  });\n});",
              "err": {},
              "uuid": "733aba13-b577-45e9-939b-a8efcb54fa76",
              "parentUUID": "556c3cd0-3379-4418-880a-f375cb3eddb9",
              "isHook": false,
              "skipped": false
            }
          ],
          "suites": [],
          "passes": [
            "733aba13-b577-45e9-939b-a8efcb54fa76"
          ],
          "failures": [],
          "pending": [],
          "skipped": [],
          "duration": 71211,
          "root": false,
          "rootEmpty": false,
          "_timeout": 2000
        }
      ],
      "passes": [],
      "failures": [],
      "pending": [],
      "skipped": [],
      "duration": 0,
      "root": true,
      "rootEmpty": true,
      "_timeout": 2000
    }
  ],
  "meta": {
    "mocha": {
      "version": "7.0.1"
    },
    "mochawesome": {
      "options": {
        "quiet": false,
        "reportFilename": "mochawesome",
        "saveHtml": false,
        "saveJson": true,
        "consoleReporter": "spec",
        "useInlineDiffs": false,
        "code": true
      },
      "version": "7.1.3"
    },
    "marge": {
      "options": {
        "chart": true,
        "overwrite": false,
        "html": false,
        "json": true,
        "reportDir": "cypress/report"
      },
      "version": "6.2.0"
    }
  }
}